<?xml version="1.0" encoding="UTF-8"?>
<testng-results skipped="0" failed="0" ignored="0" total="1" passed="1">
  <reporter-output>
  </reporter-output>
  <suite name="Default suite" duration-ms="26294" started-at="2021-11-30T07:41:56 IST" finished-at="2021-11-30T07:42:22 IST">
    <groups>
    </groups>
    <test name="Default test" duration-ms="26294" started-at="2021-11-30T07:41:56 IST" finished-at="2021-11-30T07:42:22 IST">
      <class name="dependancies.Class3">
        <test-method status="PASS" signature="openbrowser()[pri:0, instance:dependancies.Class3@d44fc21]" name="openbrowser" is-config="true" duration-ms="4144" started-at="2021-11-30T07:41:56 IST" finished-at="2021-11-30T07:42:00 IST">
          <reporter-output>
          </reporter-output>
        </test-method> <!-- openbrowser -->
        <test-method status="PASS" signature="Login()[pri:0, instance:dependancies.Class3@d44fc21]" name="Login" is-config="true" duration-ms="451" started-at="2021-11-30T07:42:00 IST" finished-at="2021-11-30T07:42:00 IST">
          <reporter-output>
          </reporter-output>
        </test-method> <!-- Login -->
        <test-method status="PASS" signature="search()[pri:0, instance:dependancies.Class3@d44fc21]" name="search" duration-ms="12569" started-at="2021-11-30T07:42:00 IST" finished-at="2021-11-30T07:42:13 IST">
          <reporter-output>
          </reporter-output>
        </test-method> <!-- search -->
        <test-method status="PASS" signature="logout()[pri:0, instance:dependancies.Class3@d44fc21]" name="logout" is-config="true" duration-ms="4905" started-at="2021-11-30T07:42:13 IST" finished-at="2021-11-30T07:42:18 IST">
          <reporter-output>
          </reporter-output>
        </test-method> <!-- logout -->
        <test-method status="PASS" signature="close()[pri:0, instance:dependancies.Class3@d44fc21]" name="close" is-config="true" duration-ms="4155" started-at="2021-11-30T07:42:18 IST" finished-at="2021-11-30T07:42:22 IST">
          <reporter-output>
          </reporter-output>
        </test-method> <!-- close -->
      </class> <!-- dependancies.Class3 -->
    </test> <!-- Default test -->
  </suite> <!-- Default suite -->
</testng-results>
